TN:
SF:src\app\envs\app.env.ts
FNF:0
FNH:0
DA:1,1
DA:2,1
DA:3,1
DA:4,1
DA:5,1
DA:6,1
DA:7,1
DA:8,1
DA:9,1
LF:9
LH:9
BRF:0
BRH:0
end_of_record
TN:
SF:src\app\envs\index.ts
FNF:0
FNH:0
DA:1,1
LF:1
LH:1
BRF:0
BRH:0
end_of_record
TN:
SF:src\app\envs\postgres.env.ts
FNF:0
FNH:0
DA:1,1
DA:2,1
DA:3,1
DA:4,1
DA:5,1
DA:6,1
LF:6
LH:6
BRF:0
BRH:0
end_of_record
TN:
SF:src\app\features\autor\repository\autor.repository.ts
FN:6,<instance_members_initializer>
FN:9,verificarSeAutorExiste
FN:19,cadastrar
FN:29,listarAutores
FN:35,clear
FN:39,entityToModel
FNF:6
FNH:6
FNDA:2,<instance_members_initializer>
FNDA:2,verificarSeAutorExiste
FNDA:6,cadastrar
FNDA:1,listarAutores
FNDA:2,clear
FNDA:6,entityToModel
DA:1,1
DA:2,1
DA:3,1
DA:4,1
DA:5,1
DA:6,2
DA:7,2
DA:8,2
DA:9,2
DA:10,2
DA:11,2
DA:12,2
DA:13,2
DA:14,2
DA:15,1
DA:16,1
DA:17,1
DA:18,2
DA:19,2
DA:20,6
DA:21,6
DA:22,6
DA:23,6
DA:24,6
DA:25,6
DA:26,6
DA:27,6
DA:28,2
DA:29,2
DA:30,1
DA:31,1
DA:32,1
DA:33,1
DA:34,2
DA:35,2
DA:36,2
DA:37,2
DA:38,2
DA:39,2
DA:40,6
DA:41,6
DA:42,2
LF:42
LH:42
BRDA:6,0,0,2
BRDA:9,1,0,2
BRDA:14,2,0,1
BRDA:19,3,0,6
BRDA:29,4,0,1
BRDA:32,5,0,1
BRDA:35,6,0,2
BRDA:39,7,0,6
BRF:8
BRH:8
end_of_record
TN:
SF:src\app\features\autor\repository\index.ts
FNF:0
FNH:0
DA:1,1
LF:1
LH:1
BRF:0
BRH:0
end_of_record
TN:
SF:src\app\features\autor\usecase\cadastrar-autor.usecase.ts
FN:12,execute
FNF:1
FNH:1
FNDA:2,execute
DA:1,1
DA:2,1
DA:3,1
DA:4,1
DA:5,1
DA:6,1
DA:7,1
DA:8,1
DA:9,1
DA:10,1
DA:11,1
DA:12,1
DA:13,2
DA:14,2
DA:15,2
DA:16,2
DA:17,2
DA:18,2
DA:19,2
DA:20,2
DA:21,1
DA:22,1
DA:23,1
DA:24,1
DA:25,1
DA:26,1
DA:27,1
DA:28,1
DA:29,1
DA:30,1
DA:31,1
DA:32,1
DA:33,1
DA:34,1
DA:35,1
DA:36,1
DA:37,1
LF:37
LH:37
BRDA:12,0,0,2
BRDA:20,1,0,1
BRDA:28,2,0,1
BRF:3
BRH:3
end_of_record
TN:
SF:src\app\features\autor\usecase\index.ts
FNF:0
FNH:0
DA:1,1
LF:1
LH:1
BRF:0
BRH:0
end_of_record
TN:
SF:src\app\features\cidades\repository\cidades.repository.ts
FN:6,<instance_members_initializer>
FN:9,verificarSeCidadeExiste
FN:19,cadastrar
FN:27,listarCidades
FN:35,clear
FN:39,entityToModel
FNF:6
FNH:6
FNDA:2,<instance_members_initializer>
FNDA:2,verificarSeCidadeExiste
FNDA:6,cadastrar
FNDA:1,listarCidades
FNDA:2,clear
FNDA:6,entityToModel
DA:1,1
DA:2,1
DA:3,1
DA:4,1
DA:5,1
DA:6,2
DA:7,2
DA:8,2
DA:9,2
DA:10,2
DA:11,2
DA:12,2
DA:13,2
DA:14,2
DA:15,1
DA:16,1
DA:17,1
DA:18,2
DA:19,2
DA:20,6
DA:21,6
DA:22,6
DA:23,6
DA:24,6
DA:25,6
DA:26,2
DA:27,2
DA:28,1
DA:29,1
DA:30,1
DA:31,1
DA:32,1
DA:33,1
DA:34,2
DA:35,2
DA:36,2
DA:37,2
DA:38,2
DA:39,2
DA:40,6
DA:41,6
DA:42,2
LF:42
LH:42
BRDA:6,0,0,2
BRDA:9,1,0,2
BRDA:14,2,0,1
BRDA:19,3,0,6
BRDA:27,4,0,1
BRDA:32,5,0,1
BRDA:35,6,0,2
BRDA:39,7,0,6
BRF:8
BRH:8
end_of_record
TN:
SF:src\app\features\cidades\repository\index.ts
FNF:0
FNH:0
DA:1,1
LF:1
LH:1
BRF:0
BRH:0
end_of_record
TN:
SF:src\app\features\cidades\usecase\cadastrar-cidade.usecase.ts
FN:12,execute
FNF:1
FNH:1
FNDA:2,execute
DA:1,1
DA:2,1
DA:3,1
DA:4,1
DA:5,1
DA:6,1
DA:7,1
DA:8,1
DA:9,1
DA:10,1
DA:11,1
DA:12,1
DA:13,2
DA:14,2
DA:15,2
DA:16,2
DA:17,2
DA:18,2
DA:19,2
DA:20,2
DA:21,1
DA:22,1
DA:23,1
DA:24,1
DA:25,1
DA:26,1
DA:27,1
DA:28,1
DA:29,1
DA:30,1
DA:31,1
DA:32,1
DA:33,1
DA:34,1
DA:35,1
LF:35
LH:35
BRDA:12,0,0,2
BRDA:20,1,0,1
BRDA:26,2,0,1
BRF:3
BRH:3
end_of_record
TN:
SF:src\app\features\cidades\usecase\index.ts
FNF:0
FNH:0
DA:1,1
LF:1
LH:1
BRF:0
BRH:0
end_of_record
TN:
SF:src\app\features\editoras\repository\editora.repository.ts
FN:10,<instance_members_initializer>
FN:13,verificarSeEditoraExiste
FN:24,cadastrar
FN:43,listarEditoras
FN:51,clear
FN:55,entityToModel
FN:63,cidadeEntityToModel
FNF:7
FNH:7
FNDA:2,<instance_members_initializer>
FNDA:2,verificarSeEditoraExiste
FNDA:6,cadastrar
FNDA:1,listarEditoras
FNDA:2,clear
FNDA:6,entityToModel
FNDA:6,cidadeEntityToModel
DA:1,1
DA:2,1
DA:3,1
DA:4,1
DA:5,1
DA:6,1
DA:7,1
DA:8,1
DA:9,1
DA:10,2
DA:11,2
DA:12,2
DA:13,2
DA:14,2
DA:15,2
DA:16,2
DA:17,2
DA:18,2
DA:19,2
DA:20,1
DA:21,1
DA:22,1
DA:23,2
DA:24,2
DA:25,6
DA:26,6
DA:27,6
DA:28,6
DA:29,6
DA:30,0
DA:31,0
DA:32,6
DA:33,6
DA:34,6
DA:35,6
DA:36,6
DA:37,6
DA:38,6
DA:39,6
DA:40,6
DA:41,6
DA:42,2
DA:43,2
DA:44,1
DA:45,1
DA:46,1
DA:47,1
DA:48,1
DA:49,1
DA:50,2
DA:51,2
DA:52,2
DA:53,2
DA:54,2
DA:55,2
DA:56,6
DA:57,6
DA:58,6
DA:59,6
DA:60,6
DA:61,6
DA:62,2
DA:63,2
DA:64,6
DA:65,6
DA:66,2
LF:66
LH:64
BRDA:10,0,0,2
BRDA:13,1,0,2
BRDA:19,2,0,1
BRDA:24,3,0,6
BRDA:29,4,0,0
BRDA:43,5,0,1
BRDA:48,6,0,1
BRDA:51,7,0,2
BRDA:55,8,0,6
BRDA:63,9,0,6
BRF:10
BRH:9
end_of_record
TN:
SF:src\app\features\editoras\repository\index.ts
FNF:0
FNH:0
DA:1,1
LF:1
LH:1
BRF:0
BRH:0
end_of_record
TN:
SF:src\app\features\editoras\usecase\cadastrar-editora.usecase.ts
FN:12,execute
FNF:1
FNH:1
FNDA:2,execute
DA:1,1
DA:2,1
DA:3,1
DA:4,1
DA:5,1
DA:6,1
DA:7,1
DA:8,1
DA:9,1
DA:10,1
DA:11,1
DA:12,1
DA:13,2
DA:14,2
DA:15,2
DA:16,2
DA:17,2
DA:18,2
DA:19,2
DA:20,2
DA:21,1
DA:22,1
DA:23,1
DA:24,1
DA:25,1
DA:26,1
DA:27,1
DA:28,1
DA:29,1
DA:30,1
DA:31,1
DA:32,1
DA:33,1
DA:34,1
DA:35,1
DA:36,1
DA:37,1
LF:37
LH:37
BRDA:12,0,0,2
BRDA:20,1,0,1
BRDA:28,2,0,1
BRF:3
BRH:3
end_of_record
TN:
SF:src\app\features\editoras\usecase\index.ts
FNF:0
FNH:0
DA:1,1
LF:1
LH:1
BRF:0
BRH:0
end_of_record
TN:
SF:src\app\features\emprestimos\repository\emprestimos.repository.ts
FN:23,<instance_members_initializer>
FN:26,cadastrarEmprestimo
FN:73,listarEmprestimos
FN:89,clear
FN:93,entityToModel
FN:103,pessoaEntityToModel
FN:113,livroEntityToModel
FN:124,editoraEntityToModel
FN:132,autorEntityToModel
FN:136,generoEntityToModel
FN:140,cidadeEntityToModel
FNF:11
FNH:11
FNDA:2,<instance_members_initializer>
FNDA:1,cadastrarEmprestimo
FNDA:1,listarEmprestimos
FNDA:1,clear
FNDA:2,entityToModel
FNDA:3,pessoaEntityToModel
FNDA:3,livroEntityToModel
FNDA:3,editoraEntityToModel
FNDA:3,autorEntityToModel
FNDA:3,generoEntityToModel
FNDA:6,cidadeEntityToModel
DA:1,1
DA:2,1
DA:3,1
DA:4,1
DA:5,1
DA:6,1
DA:7,1
DA:8,1
DA:9,1
DA:10,1
DA:11,1
DA:12,1
DA:13,1
DA:14,1
DA:15,1
DA:16,1
DA:17,1
DA:18,1
DA:19,1
DA:20,1
DA:21,1
DA:22,1
DA:23,2
DA:24,2
DA:25,2
DA:26,2
DA:27,1
DA:28,1
DA:29,1
DA:30,1
DA:31,1
DA:32,1
DA:33,1
DA:34,1
DA:35,0
DA:36,0
DA:37,1
DA:38,1
DA:39,1
DA:40,1
DA:41,1
DA:42,1
DA:43,1
DA:44,0
DA:45,0
DA:46,1
DA:47,1
DA:48,0
DA:49,0
DA:50,1
DA:51,1
DA:52,1
DA:53,1
DA:54,1
DA:55,1
DA:56,1
DA:57,1
DA:58,1
DA:59,1
DA:60,1
DA:61,1
DA:62,1
DA:63,1
DA:64,1
DA:65,1
DA:66,1
DA:67,1
DA:68,1
DA:69,1
DA:70,1
DA:71,1
DA:72,2
DA:73,2
DA:74,1
DA:75,1
DA:76,1
DA:77,1
DA:78,1
DA:79,1
DA:80,1
DA:81,1
DA:82,1
DA:83,1
DA:84,1
DA:85,1
DA:86,1
DA:87,1
DA:88,2
DA:89,2
DA:90,1
DA:91,1
DA:92,2
DA:93,2
DA:94,2
DA:95,2
DA:96,2
DA:97,2
DA:98,2
DA:99,2
DA:100,2
DA:101,2
DA:102,2
DA:103,2
DA:104,3
DA:105,3
DA:106,3
DA:107,3
DA:108,3
DA:109,3
DA:110,3
DA:111,3
DA:112,2
DA:113,2
DA:114,3
DA:115,3
DA:116,3
DA:117,3
DA:118,3
DA:119,3
DA:120,3
DA:121,3
DA:122,3
DA:123,2
DA:124,2
DA:125,3
DA:126,3
DA:127,3
DA:128,3
DA:129,3
DA:130,3
DA:131,2
DA:132,2
DA:133,3
DA:134,3
DA:135,2
DA:136,2
DA:137,3
DA:138,3
DA:139,2
DA:140,2
DA:141,6
DA:142,6
DA:143,2
LF:143
LH:137
BRDA:23,0,0,2
BRDA:26,1,0,1
BRDA:34,2,0,0
BRDA:43,3,0,0
BRDA:47,4,0,0
BRDA:73,5,0,1
BRDA:86,6,0,1
BRDA:89,7,0,1
BRDA:93,8,0,2
BRDA:103,9,0,3
BRDA:113,10,0,3
BRDA:124,11,0,3
BRDA:132,12,0,3
BRDA:136,13,0,3
BRDA:140,14,0,6
BRF:15
BRH:12
end_of_record
TN:
SF:src\app\features\emprestimos\repository\index.ts
FNF:0
FNH:0
DA:1,1
LF:1
LH:1
BRF:0
BRH:0
end_of_record
TN:
SF:src\app\features\emprestimos\usecase\cadastrar-emprestimos.usecase.ts
FN:12,execute
FNF:1
FNH:1
FNDA:1,execute
DA:1,1
DA:2,1
DA:3,1
DA:4,1
DA:5,1
DA:6,1
DA:7,1
DA:8,1
DA:9,1
DA:10,1
DA:11,1
DA:12,1
DA:13,1
DA:14,1
DA:15,1
DA:16,1
DA:17,1
DA:18,1
DA:19,1
DA:20,1
DA:21,1
DA:22,1
DA:23,1
DA:24,1
DA:25,1
DA:26,1
DA:27,1
DA:28,1
DA:29,1
DA:30,1
DA:31,1
DA:32,1
DA:33,1
LF:33
LH:33
BRDA:12,0,0,1
BRDA:22,1,0,1
BRF:2
BRH:2
end_of_record
TN:
SF:src\app\features\emprestimos\usecase\index.ts
FNF:0
FNH:0
DA:1,1
LF:1
LH:1
BRF:0
BRH:0
end_of_record
TN:
SF:src\app\features\generos\repository\generos.repository.ts
FN:6,<instance_members_initializer>
FN:9,verificarSeGeneroExiste
FN:19,cadastrar
FN:29,listarGeneros
FN:35,clear
FN:39,entityToModel
FNF:6
FNH:6
FNDA:2,<instance_members_initializer>
FNDA:2,verificarSeGeneroExiste
FNDA:6,cadastrar
FNDA:1,listarGeneros
FNDA:2,clear
FNDA:6,entityToModel
DA:1,1
DA:2,1
DA:3,1
DA:4,1
DA:5,1
DA:6,2
DA:7,2
DA:8,2
DA:9,2
DA:10,2
DA:11,2
DA:12,2
DA:13,2
DA:14,2
DA:15,1
DA:16,1
DA:17,1
DA:18,2
DA:19,2
DA:20,6
DA:21,6
DA:22,6
DA:23,6
DA:24,6
DA:25,6
DA:26,6
DA:27,6
DA:28,2
DA:29,2
DA:30,1
DA:31,1
DA:32,1
DA:33,1
DA:34,2
DA:35,2
DA:36,2
DA:37,2
DA:38,2
DA:39,2
DA:40,6
DA:41,6
DA:42,2
LF:42
LH:42
BRDA:6,0,0,2
BRDA:9,1,0,2
BRDA:14,2,0,1
BRDA:19,3,0,6
BRDA:29,4,0,1
BRDA:32,5,0,1
BRDA:35,6,0,2
BRDA:39,7,0,6
BRF:8
BRH:8
end_of_record
TN:
SF:src\app\features\generos\repository\index.ts
FNF:0
FNH:0
DA:1,1
LF:1
LH:1
BRF:0
BRH:0
end_of_record
TN:
SF:src\app\features\generos\usecase\cadastrar-genero.usecase.ts
FN:12,execute
FNF:1
FNH:1
FNDA:2,execute
DA:1,1
DA:2,1
DA:3,1
DA:4,1
DA:5,1
DA:6,1
DA:7,1
DA:8,1
DA:9,1
DA:10,1
DA:11,1
DA:12,1
DA:13,2
DA:14,2
DA:15,2
DA:16,2
DA:17,2
DA:18,2
DA:19,2
DA:20,2
DA:21,1
DA:22,1
DA:23,1
DA:24,1
DA:25,1
DA:26,1
DA:27,1
DA:28,1
DA:29,1
DA:30,1
DA:31,1
DA:32,1
DA:33,1
DA:34,1
DA:35,1
DA:36,1
DA:37,1
LF:37
LH:37
BRDA:12,0,0,2
BRDA:20,1,0,1
BRDA:28,2,0,1
BRF:3
BRH:3
end_of_record
TN:
SF:src\app\features\generos\usecase\index.ts
FNF:0
FNH:0
DA:1,1
LF:1
LH:1
BRF:0
BRH:0
end_of_record
TN:
SF:src\app\features\livros\repository\index.ts
FNF:0
FNH:0
DA:1,1
LF:1
LH:1
BRF:0
BRH:0
end_of_record
TN:
SF:src\app\features\livros\repository\livros.repositoy.ts
FN:12,<instance_members_initializer>
FN:15,verificarSeLivroExiste
FN:26,cadastrar
FN:65,listarLivros
FN:73,clear
FN:77,entityToModel
FN:88,editoraEntityToModel
FN:96,autorEntityToModel
FN:100,generoEntityToModel
FN:104,cidadeEntityToModel
FNF:10
FNH:10
FNDA:5,<instance_members_initializer>
FNDA:2,verificarSeLivroExiste
FNDA:4,cadastrar
FNDA:1,listarLivros
FNDA:2,clear
FNDA:6,entityToModel
FNDA:6,editoraEntityToModel
FNDA:6,autorEntityToModel
FNDA:6,generoEntityToModel
FNDA:6,cidadeEntityToModel
DA:1,1
DA:2,1
DA:3,1
DA:4,1
DA:5,1
DA:6,1
DA:7,1
DA:8,1
DA:9,1
DA:10,1
DA:11,1
DA:12,5
DA:13,5
DA:14,5
DA:15,5
DA:16,2
DA:17,2
DA:18,2
DA:19,2
DA:20,2
DA:21,2
DA:22,1
DA:23,1
DA:24,1
DA:25,5
DA:26,5
DA:27,4
DA:28,4
DA:29,4
DA:30,4
DA:31,4
DA:32,4
DA:33,0
DA:34,0
DA:35,4
DA:36,4
DA:37,4
DA:38,4
DA:39,4
DA:40,4
DA:41,0
DA:42,0
DA:43,4
DA:44,4
DA:45,4
DA:46,4
DA:47,4
DA:48,4
DA:49,0
DA:50,0
DA:51,4
DA:52,4
DA:53,4
DA:54,4
DA:55,4
DA:56,4
DA:57,4
DA:58,4
DA:59,4
DA:60,4
DA:61,4
DA:62,4
DA:63,4
DA:64,5
DA:65,5
DA:66,1
DA:67,1
DA:68,1
DA:69,1
DA:70,1
DA:71,1
DA:72,5
DA:73,5
DA:74,2
DA:75,2
DA:76,5
DA:77,5
DA:78,6
DA:79,6
DA:80,6
DA:81,6
DA:82,6
DA:83,6
DA:84,6
DA:85,6
DA:86,6
DA:87,5
DA:88,5
DA:89,6
DA:90,6
DA:91,6
DA:92,6
DA:93,6
DA:94,6
DA:95,5
DA:96,5
DA:97,6
DA:98,6
DA:99,5
DA:100,5
DA:101,6
DA:102,6
DA:103,5
DA:104,5
DA:105,6
DA:106,6
DA:107,5
LF:107
LH:101
BRDA:12,0,0,5
BRDA:15,1,0,2
BRDA:21,2,0,1
BRDA:26,3,0,4
BRDA:32,4,0,0
BRDA:40,5,0,0
BRDA:48,6,0,0
BRDA:65,7,0,1
BRDA:70,8,0,1
BRDA:73,9,0,2
BRDA:77,10,0,6
BRDA:88,11,0,6
BRDA:96,12,0,6
BRDA:100,13,0,6
BRDA:104,14,0,6
BRF:15
BRH:12
end_of_record
TN:
SF:src\app\features\livros\usecase\cadastrar-livro.usecase.ts
FN:12,execute
FNF:1
FNH:1
FNDA:2,execute
DA:1,1
DA:2,1
DA:3,1
DA:4,1
DA:5,1
DA:6,1
DA:7,1
DA:8,1
DA:9,1
DA:10,1
DA:11,1
DA:12,1
DA:13,2
DA:14,2
DA:15,2
DA:16,2
DA:17,2
DA:18,2
DA:19,2
DA:20,2
DA:21,1
DA:22,1
DA:23,1
DA:24,1
DA:25,1
DA:26,1
DA:27,1
DA:28,1
DA:29,1
DA:30,1
DA:31,1
DA:32,1
DA:33,1
DA:34,1
DA:35,1
DA:36,1
DA:37,1
LF:37
LH:37
BRDA:12,0,0,2
BRDA:20,1,0,1
BRDA:28,2,0,1
BRF:3
BRH:3
end_of_record
TN:
SF:src\app\features\livros\usecase\index.ts
FNF:0
FNH:0
DA:1,1
LF:1
LH:1
BRF:0
BRH:0
end_of_record
TN:
SF:src\app\features\pessoas\repository\pessoas.repository.ts
FN:8,<instance_members_initializer>
FN:11,verificarSePessoaExiste
FN:22,cadastrar
FN:56,listarPessoas
FN:64,clear
FN:68,entityToModel
FN:78,cidadeEntityToModel
FNF:7
FNH:7
FNDA:1,<instance_members_initializer>
FNDA:2,verificarSePessoaExiste
FNDA:3,cadastrar
FNDA:1,listarPessoas
FNDA:2,clear
FNDA:3,entityToModel
FNDA:3,cidadeEntityToModel
DA:1,1
DA:2,1
DA:3,1
DA:4,1
DA:5,1
DA:6,1
DA:7,1
DA:8,1
DA:9,1
DA:10,1
DA:11,1
DA:12,2
DA:13,2
DA:14,2
DA:15,2
DA:16,2
DA:17,2
DA:18,1
DA:19,1
DA:20,1
DA:21,1
DA:22,1
DA:23,3
DA:24,3
DA:25,3
DA:26,3
DA:27,3
DA:28,3
DA:29,3
DA:30,3
DA:31,3
DA:32,0
DA:33,0
DA:34,3
DA:35,3
DA:36,3
DA:37,3
DA:38,3
DA:39,3
DA:40,3
DA:41,3
DA:42,3
DA:43,3
DA:44,3
DA:45,3
DA:46,3
DA:47,3
DA:48,3
DA:49,3
DA:50,0
DA:51,0
DA:52,3
DA:53,3
DA:54,3
DA:55,1
DA:56,1
DA:57,1
DA:58,1
DA:59,1
DA:60,1
DA:61,1
DA:62,1
DA:63,1
DA:64,1
DA:65,2
DA:66,2
DA:67,1
DA:68,1
DA:69,3
DA:70,3
DA:71,3
DA:72,3
DA:73,3
DA:74,3
DA:75,3
DA:76,3
DA:77,1
DA:78,1
DA:79,3
DA:80,3
DA:81,1
LF:81
LH:77
BRDA:8,0,0,1
BRDA:11,1,0,2
BRDA:17,2,0,1
BRDA:22,3,0,3
BRDA:31,4,0,0
BRDA:49,5,0,0
BRDA:56,6,0,1
BRDA:61,7,0,1
BRDA:64,8,0,2
BRDA:68,9,0,3
BRDA:78,10,0,3
BRF:11
BRH:9
end_of_record
TN:
SF:src\app\features\pessoas\usecase\cadastrar-pessoa.usecase.ts
FN:12,execute
FNF:1
FNH:1
FNDA:2,execute
DA:1,1
DA:2,1
DA:3,1
DA:4,1
DA:5,1
DA:6,1
DA:7,1
DA:8,1
DA:9,1
DA:10,1
DA:11,1
DA:12,1
DA:13,2
DA:14,2
DA:15,2
DA:16,2
DA:17,2
DA:18,2
DA:19,2
DA:20,2
DA:21,1
DA:22,1
DA:23,1
DA:24,1
DA:25,1
DA:26,1
DA:27,1
DA:28,1
DA:29,1
DA:30,1
DA:31,1
DA:32,1
DA:33,1
DA:34,1
DA:35,1
DA:36,1
DA:37,1
LF:37
LH:37
BRDA:12,0,0,2
BRDA:20,1,0,1
BRDA:28,2,0,1
BRF:3
BRH:3
end_of_record
TN:
SF:src\app\features\pessoas\usecase\index.ts
FNF:0
FNH:0
DA:1,1
LF:1
LH:1
BRF:0
BRH:0
end_of_record
TN:
SF:src\app\models\Autor.ts
FN:8,<instance_members_initializer>
FN:9,Autor
FN:13,toJson
FN:20,getId
FN:24,getNome
FN:28,setId
FN:32,setNome
FNF:7
FNH:4
FNDA:12,<instance_members_initializer>
FNDA:12,Autor
FNDA:2,toJson
FNDA:0,getId
FNDA:5,getNome
FNDA:0,setId
FNDA:0,setNome
DA:1,1
DA:2,1
DA:3,1
DA:4,1
DA:5,1
DA:6,1
DA:7,1
DA:8,12
DA:9,12
DA:10,12
DA:11,12
DA:12,12
DA:13,12
DA:14,2
DA:15,2
DA:16,2
DA:17,2
DA:18,2
DA:19,12
DA:20,12
DA:21,0
DA:22,0
DA:23,12
DA:24,12
DA:25,5
DA:26,5
DA:27,12
DA:28,12
DA:29,0
DA:30,0
DA:31,12
DA:32,12
DA:33,0
DA:34,0
DA:35,12
LF:35
LH:29
BRDA:8,0,0,12
BRDA:9,1,0,12
BRDA:13,2,0,2
BRDA:24,3,0,5
BRF:4
BRH:4
end_of_record
TN:
SF:src\app\models\Base.ts
FN:1,<instance_members_initializer>
FN:2,Base
FN:4,toJSON
FNF:3
FNH:2
FNDA:60,<instance_members_initializer>
FNDA:60,Base
FNDA:0,toJSON
DA:1,60
DA:2,60
DA:3,60
DA:4,60
DA:5,60
LF:5
LH:5
BRDA:1,0,0,60
BRDA:2,1,0,60
BRF:2
BRH:2
end_of_record
TN:
SF:src\app\models\Cidade.ts
FN:9,<instance_members_initializer>
FN:10,Cidade
FN:14,toJson
FN:22,getId
FN:26,getDescricao
FN:30,getUf
FN:34,setId
FN:38,setDescricao
FN:42,setUf
FNF:9
FNH:5
FNDA:18,<instance_members_initializer>
FNDA:18,Cidade
FNDA:2,toJson
FNDA:0,getId
FNDA:6,getDescricao
FNDA:1,getUf
FNDA:0,setId
FNDA:0,setDescricao
FNDA:0,setUf
DA:1,1
DA:2,1
DA:3,1
DA:4,1
DA:5,1
DA:6,1
DA:7,1
DA:8,1
DA:9,18
DA:10,18
DA:11,18
DA:12,18
DA:13,18
DA:14,18
DA:15,2
DA:16,2
DA:17,2
DA:18,2
DA:19,2
DA:20,2
DA:21,18
DA:22,18
DA:23,0
DA:24,0
DA:25,18
DA:26,18
DA:27,6
DA:28,6
DA:29,18
DA:30,18
DA:31,1
DA:32,1
DA:33,18
DA:34,18
DA:35,0
DA:36,0
DA:37,18
DA:38,18
DA:39,0
DA:40,0
DA:41,18
DA:42,18
DA:43,0
DA:44,0
DA:45,18
LF:45
LH:37
BRDA:9,0,0,18
BRDA:10,1,0,18
BRDA:14,2,0,2
BRDA:26,3,0,6
BRDA:30,4,0,1
BRF:5
BRH:5
end_of_record
TN:
SF:src\app\models\Editora.ts
FN:10,<instance_members_initializer>
FN:11,Editora
FN:15,toJson
FN:23,getId
FN:27,getNome
FN:31,getCidade
FN:35,setId
FN:39,setNome
FN:43,setCidade
FNF:9
FNH:5
FNDA:12,<instance_members_initializer>
FNDA:12,Editora
FNDA:2,toJson
FNDA:0,getId
FNDA:5,getNome
FNDA:1,getCidade
FNDA:0,setId
FNDA:0,setNome
FNDA:0,setCidade
DA:1,1
DA:2,1
DA:3,1
DA:4,1
DA:5,1
DA:6,1
DA:7,1
DA:8,1
DA:9,1
DA:10,12
DA:11,12
DA:12,12
DA:13,12
DA:14,12
DA:15,12
DA:16,2
DA:17,2
DA:18,2
DA:19,2
DA:20,2
DA:21,2
DA:22,12
DA:23,12
DA:24,0
DA:25,0
DA:26,12
DA:27,12
DA:28,5
DA:29,5
DA:30,12
DA:31,12
DA:32,1
DA:33,1
DA:34,12
DA:35,12
DA:36,0
DA:37,0
DA:38,12
DA:39,12
DA:40,0
DA:41,0
DA:42,12
DA:43,12
DA:44,0
DA:45,0
DA:46,12
LF:46
LH:38
BRDA:10,0,0,12
BRDA:11,1,0,12
BRDA:15,2,0,2
BRDA:27,3,0,5
BRDA:31,4,0,1
BRF:5
BRH:5
end_of_record
TN:
SF:src\app\models\Emprestimo.ts
FN:14,<instance_members_initializer>
FN:18,Emprestimo
FN:40,toJson
FN:51,getId
FN:55,getPessoa
FN:59,getLivro
FN:63,getDataEmprestimo
FN:67,getDataPrevistaDevolucao
FN:71,getDataEfetivaDevolucao
FN:75,setId
FN:79,setPessoa
FN:83,setLivro
FN:87,setDataEmprestimo
FN:91,setDataEfetivaDevolucao
FNF:14
FNH:5
FNDA:0,<instance_members_initializer>
FNDA:3,Emprestimo
FNDA:2,toJson
FNDA:1,getId
FNDA:0,getPessoa
FNDA:0,getLivro
FNDA:1,getDataEmprestimo
FNDA:1,getDataPrevistaDevolucao
FNDA:0,getDataEfetivaDevolucao
FNDA:0,setId
FNDA:0,setPessoa
FNDA:0,setLivro
FNDA:0,setDataEmprestimo
FNDA:0,setDataEfetivaDevolucao
DA:1,1
DA:2,1
DA:3,1
DA:4,1
DA:5,1
DA:6,1
DA:7,1
DA:8,1
DA:9,1
DA:10,1
DA:11,1
DA:12,1
DA:13,1
DA:14,0
DA:15,0
DA:16,0
DA:17,0
DA:18,0
DA:19,3
DA:20,3
DA:21,3
DA:22,3
DA:23,3
DA:24,3
DA:25,3
DA:26,3
DA:27,3
DA:28,3
DA:29,3
DA:30,3
DA:31,3
DA:32,3
DA:33,3
DA:34,3
DA:35,3
DA:36,3
DA:37,3
DA:38,3
DA:39,0
DA:40,0
DA:41,2
DA:42,2
DA:43,2
DA:44,2
DA:45,2
DA:46,2
DA:47,2
DA:48,2
DA:49,2
DA:50,0
DA:51,0
DA:52,1
DA:53,1
DA:54,0
DA:55,0
DA:56,0
DA:57,0
DA:58,0
DA:59,0
DA:60,0
DA:61,0
DA:62,0
DA:63,0
DA:64,1
DA:65,1
DA:66,0
DA:67,0
DA:68,1
DA:69,1
DA:70,0
DA:71,0
DA:72,0
DA:73,0
DA:74,0
DA:75,0
DA:76,0
DA:77,0
DA:78,0
DA:79,0
DA:80,0
DA:81,0
DA:82,0
DA:83,0
DA:84,0
DA:85,0
DA:86,0
DA:87,0
DA:88,0
DA:89,0
DA:90,0
DA:91,0
DA:92,0
DA:93,0
DA:94,0
LF:94
LH:48
BRDA:14,0,0,0
BRDA:18,1,0,3
BRDA:29,2,0,0
BRDA:36,3,0,0
BRDA:40,4,0,2
BRDA:51,5,0,1
BRDA:63,6,0,1
BRDA:67,7,0,1
BRF:8
BRH:5
end_of_record
TN:
SF:src\app\models\Genero.ts
FN:8,<instance_members_initializer>
FN:9,Genero
FN:13,toJson
FN:20,getId
FN:24,getDescricao
FN:28,setId
FN:32,setDescricao
FNF:7
FNH:4
FNDA:12,<instance_members_initializer>
FNDA:12,Genero
FNDA:2,toJson
FNDA:0,getId
FNDA:5,getDescricao
FNDA:0,setId
FNDA:0,setDescricao
DA:1,1
DA:2,1
DA:3,1
DA:4,1
DA:5,1
DA:6,1
DA:7,1
DA:8,12
DA:9,12
DA:10,12
DA:11,12
DA:12,12
DA:13,12
DA:14,2
DA:15,2
DA:16,2
DA:17,2
DA:18,2
DA:19,12
DA:20,12
DA:21,0
DA:22,0
DA:23,12
DA:24,12
DA:25,5
DA:26,5
DA:27,12
DA:28,12
DA:29,0
DA:30,0
DA:31,12
DA:32,12
DA:33,0
DA:34,0
DA:35,12
LF:35
LH:29
BRDA:8,0,0,12
BRDA:9,1,0,12
BRDA:13,2,0,2
BRDA:24,3,0,5
BRF:4
BRH:4
end_of_record
TN:
SF:src\app\models\Livro.ts
FN:15,<instance_members_initializer>
FN:16,Livro
FN:27,toJson
FN:38,getId
FN:42,getNome
FN:46,getEditora
FN:50,getAutor
FN:54,getGenero
FN:58,getDisponivel
FN:62,setId
FN:66,setNome
FN:70,setEditora
FN:74,setAutor
FN:78,setGenero
FN:82,setDisponivel
FNF:15
FNH:7
FNDA:6,<instance_members_initializer>
FNDA:6,Livro
FNDA:2,toJson
FNDA:0,getId
FNDA:1,getNome
FNDA:1,getEditora
FNDA:1,getAutor
FNDA:1,getGenero
FNDA:0,getDisponivel
FNDA:0,setId
FNDA:0,setNome
FNDA:0,setEditora
FNDA:0,setAutor
FNDA:0,setGenero
FNDA:0,setDisponivel
DA:1,1
DA:2,1
DA:3,1
DA:4,1
DA:5,1
DA:6,1
DA:7,1
DA:8,1
DA:9,1
DA:10,1
DA:11,1
DA:12,1
DA:13,1
DA:14,1
DA:15,6
DA:16,6
DA:17,6
DA:18,6
DA:19,6
DA:20,6
DA:21,6
DA:22,6
DA:23,6
DA:24,6
DA:25,6
DA:26,6
DA:27,6
DA:28,2
DA:29,2
DA:30,2
DA:31,2
DA:32,2
DA:33,2
DA:34,2
DA:35,2
DA:36,2
DA:37,6
DA:38,6
DA:39,0
DA:40,0
DA:41,6
DA:42,6
DA:43,1
DA:44,1
DA:45,6
DA:46,6
DA:47,1
DA:48,1
DA:49,6
DA:50,6
DA:51,1
DA:52,1
DA:53,6
DA:54,6
DA:55,1
DA:56,1
DA:57,6
DA:58,6
DA:59,0
DA:60,0
DA:61,6
DA:62,6
DA:63,0
DA:64,0
DA:65,6
DA:66,6
DA:67,0
DA:68,0
DA:69,6
DA:70,6
DA:71,0
DA:72,0
DA:73,6
DA:74,6
DA:75,0
DA:76,0
DA:77,6
DA:78,6
DA:79,0
DA:80,0
DA:81,6
DA:82,6
DA:83,0
DA:84,0
DA:85,6
LF:85
LH:69
BRDA:15,0,0,6
BRDA:16,1,0,6
BRDA:27,2,0,2
BRDA:42,3,0,1
BRDA:46,4,0,1
BRDA:50,5,0,1
BRDA:54,6,0,1
BRF:7
BRH:7
end_of_record
TN:
SF:src\app\models\Pessoa.ts
FN:12,<instance_members_initializer>
FN:13,Pessoa
FN:23,toJson
FN:33,getId
FN:37,getNome
FN:41,getCpf
FN:45,getEndereco
FN:49,getCidade
FN:53,setId
FN:57,setNome
FN:61,setCpf
FN:65,setEndereco
FN:69,setCidade
FNF:13
FNH:6
FNDA:0,<instance_members_initializer>
FNDA:6,Pessoa
FNDA:2,toJson
FNDA:0,getId
FNDA:1,getNome
FNDA:1,getCpf
FNDA:1,getEndereco
FNDA:1,getCidade
FNDA:0,setId
FNDA:0,setNome
FNDA:0,setCpf
FNDA:0,setEndereco
FNDA:0,setCidade
DA:1,1
DA:2,1
DA:3,1
DA:4,1
DA:5,1
DA:6,1
DA:7,1
DA:8,1
DA:9,1
DA:10,1
DA:11,1
DA:12,0
DA:13,0
DA:14,6
DA:15,6
DA:16,6
DA:17,6
DA:18,6
DA:19,6
DA:20,6
DA:21,6
DA:22,0
DA:23,0
DA:24,2
DA:25,2
DA:26,2
DA:27,2
DA:28,2
DA:29,2
DA:30,2
DA:31,2
DA:32,0
DA:33,0
DA:34,0
DA:35,0
DA:36,0
DA:37,0
DA:38,1
DA:39,1
DA:40,0
DA:41,0
DA:42,1
DA:43,1
DA:44,0
DA:45,0
DA:46,1
DA:47,1
DA:48,0
DA:49,0
DA:50,1
DA:51,1
DA:52,0
DA:53,0
DA:54,0
DA:55,0
DA:56,0
DA:57,0
DA:58,0
DA:59,0
DA:60,0
DA:61,0
DA:62,0
DA:63,0
DA:64,0
DA:65,0
DA:66,0
DA:67,0
DA:68,0
DA:69,0
DA:70,0
DA:71,0
DA:72,0
LF:72
LH:35
BRDA:12,0,0,0
BRDA:13,1,0,6
BRDA:23,2,0,2
BRDA:37,3,0,1
BRDA:41,4,0,1
BRDA:45,5,0,1
BRDA:49,6,0,1
BRF:7
BRH:6
end_of_record
TN:
SF:src\app\models\index.ts
FNF:0
FNH:0
DA:1,1
DA:2,1
DA:3,1
DA:4,1
DA:5,1
DA:6,1
DA:7,1
DA:8,1
LF:8
LH:8
BRF:0
BRH:0
end_of_record
TN:
SF:src\app\shared\cache\cache.repository.ts
FN:3,<instance_members_initializer>
FN:6,get
FN:16,set
FN:22,delete
FNF:4
FNH:3
FNDA:2,<instance_members_initializer>
FNDA:0,get
FNDA:1,set
FNDA:1,delete
DA:1,1
DA:2,1
DA:3,2
DA:4,2
DA:5,2
DA:6,2
DA:7,0
DA:8,0
DA:9,0
DA:10,0
DA:11,0
DA:12,0
DA:13,0
DA:14,0
DA:15,2
DA:16,2
DA:17,1
DA:18,1
DA:19,1
DA:20,1
DA:21,2
DA:22,2
DA:23,1
DA:24,1
DA:25,2
LF:25
LH:17
BRDA:3,0,0,2
BRDA:16,1,0,1
BRDA:22,2,0,1
BRF:3
BRH:3
end_of_record
TN:
SF:src\app\shared\entities\autor.entity.ts
FN:5,<instance_members_initializer>
FNF:1
FNH:1
FNDA:17,<instance_members_initializer>
DA:1,1
DA:2,1
DA:3,1
DA:4,1
DA:5,1
DA:6,17
DA:7,17
DA:8,17
LF:8
LH:8
BRDA:5,0,0,17
BRF:1
BRH:1
end_of_record
TN:
SF:src\app\shared\entities\base.entity.ts
FN:4,<instance_members_initializer>
FN:9,beforeInsert
FNF:2
FNH:2
FNDA:89,<instance_members_initializer>
FNDA:28,beforeInsert
DA:1,1
DA:2,1
DA:3,1
DA:4,89
DA:5,89
DA:6,89
DA:7,89
DA:8,89
DA:9,89
DA:10,28
DA:11,28
DA:12,89
LF:12
LH:12
BRDA:4,0,0,89
BRDA:9,1,0,28
BRF:2
BRH:2
end_of_record
TN:
SF:src\app\shared\entities\cidade.entity.ts
FN:5,<instance_members_initializer>
FNF:1
FNH:1
FNDA:29,<instance_members_initializer>
DA:1,1
DA:2,1
DA:3,1
DA:4,1
DA:5,1
DA:6,29
DA:7,29
DA:8,29
DA:9,29
DA:10,29
DA:11,29
LF:11
LH:11
BRDA:5,0,0,29
BRF:1
BRH:1
end_of_record
TN:
SF:src\app\shared\entities\editora.entity.ts
FN:6,<instance_members_initializer>
FNF:1
FNH:1
FNDA:17,<instance_members_initializer>
DA:1,1
DA:2,1
DA:3,1
DA:4,1
DA:5,1
DA:6,1
DA:7,17
DA:8,17
DA:9,17
DA:10,17
DA:11,17
DA:12,17
DA:13,17
LF:13
LH:13
BRDA:6,0,0,17
BRDA:10,1,0,1
BRF:2
BRH:2
end_of_record
TN:
SF:src\app\shared\entities\emprestimo.entity.ts
FN:7,<instance_members_initializer>
FNF:1
FNH:1
FNDA:1,<instance_members_initializer>
DA:1,1
DA:2,1
DA:3,1
DA:4,1
DA:5,1
DA:6,1
DA:7,1
DA:8,1
DA:9,1
DA:10,1
DA:11,1
DA:12,1
DA:13,1
DA:14,1
DA:15,1
DA:16,1
DA:17,1
DA:18,1
DA:19,1
DA:20,1
DA:21,1
DA:22,1
DA:23,1
DA:24,1
LF:24
LH:24
BRDA:7,0,0,1
BRDA:8,1,0,1
BRDA:12,2,0,1
BRF:3
BRH:3
end_of_record
TN:
SF:src\app\shared\entities\genero.entity.ts
FN:5,<instance_members_initializer>
FNF:1
FNH:1
FNDA:17,<instance_members_initializer>
DA:1,1
DA:2,1
DA:3,1
DA:4,1
DA:5,1
DA:6,17
DA:7,17
DA:8,17
LF:8
LH:8
BRDA:5,0,0,17
BRF:1
BRH:1
end_of_record
TN:
SF:src\app\shared\entities\index.ts
FNF:0
FNH:0
DA:1,1
DA:2,1
DA:3,1
DA:4,1
DA:5,1
DA:6,1
DA:7,1
DA:8,1
LF:8
LH:8
BRF:0
BRH:0
end_of_record
TN:
SF:src\app\shared\entities\livro.entity.ts
FN:8,<instance_members_initializer>
FNF:1
FNH:1
FNDA:7,<instance_members_initializer>
DA:1,1
DA:2,1
DA:3,1
DA:4,1
DA:5,1
DA:6,1
DA:7,1
DA:8,1
DA:9,7
DA:10,7
DA:11,7
DA:12,7
DA:13,7
DA:14,7
DA:15,7
DA:16,7
DA:17,7
DA:18,7
DA:19,7
DA:20,7
DA:21,7
DA:22,7
DA:23,7
DA:24,7
DA:25,7
DA:26,7
LF:26
LH:26
BRDA:8,0,0,7
BRDA:12,1,0,1
BRDA:16,2,0,1
BRDA:20,3,0,1
BRF:4
BRH:4
end_of_record
TN:
SF:src\app\shared\entities\pessoa.entity.ts
FN:6,<instance_members_initializer>
FNF:1
FNH:1
FNDA:1,<instance_members_initializer>
DA:1,1
DA:2,1
DA:3,1
DA:4,1
DA:5,1
DA:6,1
DA:7,1
DA:8,1
DA:9,1
DA:10,1
DA:11,1
DA:12,1
DA:13,1
DA:14,1
DA:15,1
DA:16,1
DA:17,1
DA:18,1
DA:19,1
LF:19
LH:19
BRDA:6,0,0,1
BRDA:16,1,0,1
BRF:2
BRH:2
end_of_record
TN:
SF:src\app\shared\migrations\1745974687417-CreateTableCidades.ts
FN:4,up
FN:29,down
FNF:2
FNH:0
FNDA:0,up
FNDA:0,down
DA:1,1
DA:2,1
DA:3,1
DA:4,1
DA:5,0
DA:6,0
DA:7,0
DA:8,0
DA:9,0
DA:10,0
DA:11,0
DA:12,0
DA:13,0
DA:14,0
DA:15,0
DA:16,0
DA:17,0
DA:18,0
DA:19,0
DA:20,0
DA:21,0
DA:22,0
DA:23,0
DA:24,0
DA:25,0
DA:26,0
DA:27,0
DA:28,1
DA:29,1
DA:30,0
DA:31,0
DA:32,1
LF:32
LH:7
BRF:0
BRH:0
end_of_record
TN:
SF:src\app\shared\migrations\1745974904052-CreateTablePessoas.ts
FN:9,up
FN:50,down
FNF:2
FNH:0
FNDA:0,up
FNDA:0,down
DA:1,1
DA:2,1
DA:3,1
DA:4,1
DA:5,1
DA:6,1
DA:7,1
DA:8,1
DA:9,1
DA:10,0
DA:11,0
DA:12,0
DA:13,0
DA:14,0
DA:15,0
DA:16,0
DA:17,0
DA:18,0
DA:19,0
DA:20,0
DA:21,0
DA:22,0
DA:23,0
DA:24,0
DA:25,0
DA:26,0
DA:27,0
DA:28,0
DA:29,0
DA:30,0
DA:31,0
DA:32,0
DA:33,0
DA:34,0
DA:35,0
DA:36,0
DA:37,0
DA:38,0
DA:39,0
DA:40,0
DA:41,0
DA:42,0
DA:43,0
DA:44,0
DA:45,0
DA:46,0
DA:47,0
DA:48,0
DA:49,1
DA:50,1
DA:51,0
DA:52,0
DA:53,1
LF:53
LH:12
BRF:0
BRH:0
end_of_record
TN:
SF:src\app\shared\migrations\1745975206443-CreateTableEditoras.ts
FN:9,up
FN:43,down
FNF:2
FNH:0
FNDA:0,up
FNDA:0,down
DA:1,1
DA:2,1
DA:3,1
DA:4,1
DA:5,1
DA:6,1
DA:7,1
DA:8,1
DA:9,1
DA:10,0
DA:11,0
DA:12,0
DA:13,0
DA:14,0
DA:15,0
DA:16,0
DA:17,0
DA:18,0
DA:19,0
DA:20,0
DA:21,0
DA:22,0
DA:23,0
DA:24,0
DA:25,0
DA:26,0
DA:27,0
DA:28,0
DA:29,0
DA:30,0
DA:31,0
DA:32,0
DA:33,0
DA:34,0
DA:35,0
DA:36,0
DA:37,0
DA:38,0
DA:39,0
DA:40,0
DA:41,0
DA:42,1
DA:43,1
DA:44,0
DA:45,0
DA:46,1
LF:46
LH:12
BRF:0
BRH:0
end_of_record
TN:
SF:src\app\shared\migrations\1745975353497-CreateTableAutores.ts
FN:4,up
FN:23,down
FNF:2
FNH:0
FNDA:0,up
FNDA:0,down
DA:1,1
DA:2,1
DA:3,1
DA:4,1
DA:5,0
DA:6,0
DA:7,0
DA:8,0
DA:9,0
DA:10,0
DA:11,0
DA:12,0
DA:13,0
DA:14,0
DA:15,0
DA:16,0
DA:17,0
DA:18,0
DA:19,0
DA:20,0
DA:21,0
DA:22,1
DA:23,1
DA:24,0
DA:25,0
DA:26,1
LF:26
LH:7
BRF:0
BRH:0
end_of_record
TN:
SF:src\app\shared\migrations\1745975420569-CreateTableGeneros.ts
FN:4,up
FN:23,down
FNF:2
FNH:0
FNDA:0,up
FNDA:0,down
DA:1,1
DA:2,1
DA:3,1
DA:4,1
DA:5,0
DA:6,0
DA:7,0
DA:8,0
DA:9,0
DA:10,0
DA:11,0
DA:12,0
DA:13,0
DA:14,0
DA:15,0
DA:16,0
DA:17,0
DA:18,0
DA:19,0
DA:20,0
DA:21,0
DA:22,1
DA:23,1
DA:24,0
DA:25,0
DA:26,1
LF:26
LH:7
BRF:0
BRH:0
end_of_record
TN:
SF:src\app\shared\migrations\1745975488402-CreateTableLivros.ts
FN:9,up
FN:73,down
FNF:2
FNH:0
FNDA:0,up
FNDA:0,down
DA:1,1
DA:2,1
DA:3,1
DA:4,1
DA:5,1
DA:6,1
DA:7,1
DA:8,1
DA:9,1
DA:10,0
DA:11,0
DA:12,0
DA:13,0
DA:14,0
DA:15,0
DA:16,0
DA:17,0
DA:18,0
DA:19,0
DA:20,0
DA:21,0
DA:22,0
DA:23,0
DA:24,0
DA:25,0
DA:26,0
DA:27,0
DA:28,0
DA:29,0
DA:30,0
DA:31,0
DA:32,0
DA:33,0
DA:34,0
DA:35,0
DA:36,0
DA:37,0
DA:38,0
DA:39,0
DA:40,0
DA:41,0
DA:42,0
DA:43,0
DA:44,0
DA:45,0
DA:46,0
DA:47,0
DA:48,0
DA:49,0
DA:50,0
DA:51,0
DA:52,0
DA:53,0
DA:54,0
DA:55,0
DA:56,0
DA:57,0
DA:58,0
DA:59,0
DA:60,0
DA:61,0
DA:62,0
DA:63,0
DA:64,0
DA:65,0
DA:66,0
DA:67,0
DA:68,0
DA:69,0
DA:70,0
DA:71,0
DA:72,1
DA:73,1
DA:74,0
DA:75,0
DA:76,1
LF:76
LH:12
BRF:0
BRH:0
end_of_record
TN:
SF:src\app\shared\migrations\1745975585276-CreateTableEmprestimos.ts
FN:9,up
FN:66,down
FNF:2
FNH:0
FNDA:0,up
FNDA:0,down
DA:1,1
DA:2,1
DA:3,1
DA:4,1
DA:5,1
DA:6,1
DA:7,1
DA:8,1
DA:9,1
DA:10,0
DA:11,0
DA:12,0
DA:13,0
DA:14,0
DA:15,0
DA:16,0
DA:17,0
DA:18,0
DA:19,0
DA:20,0
DA:21,0
DA:22,0
DA:23,0
DA:24,0
DA:25,0
DA:26,0
DA:27,0
DA:28,0
DA:29,0
DA:30,0
DA:31,0
DA:32,0
DA:33,0
DA:34,0
DA:35,0
DA:36,0
DA:37,0
DA:38,0
DA:39,0
DA:40,0
DA:41,0
DA:42,0
DA:43,0
DA:44,0
DA:45,0
DA:46,0
DA:47,0
DA:48,0
DA:49,0
DA:50,0
DA:51,0
DA:52,0
DA:53,0
DA:54,0
DA:55,0
DA:56,0
DA:57,0
DA:58,0
DA:59,0
DA:60,0
DA:61,0
DA:62,0
DA:63,0
DA:64,0
DA:65,1
DA:66,1
DA:67,0
DA:68,0
DA:69,1
LF:69
LH:12
BRF:0
BRH:0
end_of_record
TN:
SF:src\app\shared\utils\resultado.helper.ts
FN:8,<instance_members_initializer>
FN:14,Resultado
FN:16,adicionarDados
FN:20,adicionarErro
FN:26,toJSON
FN:35,erro
FN:43,sucesso
FNF:7
FNH:7
FNDA:2,<instance_members_initializer>
FNDA:2,Resultado
FNDA:1,adicionarDados
FNDA:1,adicionarErro
FNDA:2,toJSON
FNDA:1,erro
FNDA:1,sucesso
DA:1,1
DA:2,1
DA:3,1
DA:4,1
DA:5,1
DA:6,1
DA:7,1
DA:8,2
DA:9,2
DA:10,2
DA:11,2
DA:12,2
DA:13,2
DA:14,2
DA:15,2
DA:16,2
DA:17,1
DA:18,1
DA:19,2
DA:20,2
DA:21,1
DA:22,1
DA:23,1
DA:24,1
DA:25,2
DA:26,2
DA:27,2
DA:28,2
DA:29,2
DA:30,2
DA:31,2
DA:32,2
DA:33,2
DA:34,2
DA:35,2
DA:36,1
DA:37,1
DA:38,1
DA:39,1
DA:40,1
DA:41,1
DA:42,2
DA:43,2
DA:44,1
DA:45,1
DA:46,1
DA:47,1
DA:48,1
DA:49,1
DA:50,1
DA:51,1
DA:52,1
DA:53,1
DA:54,1
DA:55,1
DA:56,1
DA:57,1
DA:58,1
DA:59,1
DA:60,2
LF:60
LH:60
BRDA:8,0,0,2
BRDA:14,1,0,2
BRDA:16,2,0,1
BRDA:20,3,0,1
BRDA:26,4,0,2
BRDA:35,5,0,1
BRDA:43,6,0,1
BRF:7
BRH:7
end_of_record
